   1               		.file	"nrk_driver.c"
   2               	__SP_H__ = 0x3e
   3               	__SP_L__ = 0x3d
   4               	__SREG__ = 0x3f
   5               	__RAMPZ__ = 0x3b
   6               	__tmp_reg__ = 0
   7               	__zero_reg__ = 1
  10               		.text
  11               	.Ltext0:
  61               	.Letext0:
  62               		.ident	"GCC: (GNU) 4.9.1"
DEFINED SYMBOLS
                            *ABS*:0000000000000000 nrk_driver.c
/var/folders/57/dy66zcf543x9s42pt1yfw30r0000gn/T//cc2kGZzS.s:2      *ABS*:000000000000003e __SP_H__
/var/folders/57/dy66zcf543x9s42pt1yfw30r0000gn/T//cc2kGZzS.s:3      *ABS*:000000000000003d __SP_L__
/var/folders/57/dy66zcf543x9s42pt1yfw30r0000gn/T//cc2kGZzS.s:4      *ABS*:000000000000003f __SREG__
/var/folders/57/dy66zcf543x9s42pt1yfw30r0000gn/T//cc2kGZzS.s:5      *ABS*:000000000000003b __RAMPZ__
/var/folders/57/dy66zcf543x9s42pt1yfw30r0000gn/T//cc2kGZzS.s:6      *ABS*:0000000000000000 __tmp_reg__
/var/folders/57/dy66zcf543x9s42pt1yfw30r0000gn/T//cc2kGZzS.s:7      *ABS*:0000000000000001 __zero_reg__

NO UNDEFINED SYMBOLS
